[11-Jun-2024 06:41:13 UTC] PHP Warning:  include(/Users/adithyaricky/Projects/mypublikasimedia/vendor/composer/../laravel/framework/src/Illuminate/Contracts/Foundation/CachesConfiguration.php): Failed to open stream: No such file or directory in /Users/adithyaricky/Projects/mypublikasimedia/vendor/composer/ClassLoader.php on line 571
[11-Jun-2024 06:41:13 UTC] PHP Warning:  include(): Failed opening '/Users/adithyaricky/Projects/mypublikasimedia/vendor/composer/../laravel/framework/src/Illuminate/Contracts/Foundation/CachesConfiguration.php' for inclusion (include_path='.:/opt/homebrew/Cellar/php/8.3.8/share/php/pear') in /Users/adithyaricky/Projects/mypublikasimedia/vendor/composer/ClassLoader.php on line 571
[11-Jun-2024 06:41:13 UTC] PHP Fatal error:  Uncaught Error: Interface "Illuminate\Contracts\Foundation\CachesConfiguration" not found in /Users/adithyaricky/Projects/mypublikasimedia/vendor/laravel/framework/src/Illuminate/Foundation/Application.php:32
Stack trace:
#0 /Users/adithyaricky/Projects/mypublikasimedia/vendor/composer/ClassLoader.php(571): include()
#1 /Users/adithyaricky/Projects/mypublikasimedia/vendor/composer/ClassLoader.php(428): Composer\Autoload\includeFile('/Users/adithyar...')
#2 /Users/adithyaricky/Projects/mypublikasimedia/bootstrap/app.php(14): Composer\Autoload\ClassLoader->loadClass('Illuminate\\Foun...')
#3 /Users/adithyaricky/Projects/mypublikasimedia/public/index.php(47): require_once('/Users/adithyar...')
#4 /Users/adithyaricky/.composer/vendor/laravel/valet/server.php(110): require('/Users/adithyar...')
#5 {main}
  thrown in /Users/adithyaricky/Projects/mypublikasimedia/vendor/laravel/framework/src/Illuminate/Foundation/Application.php on line 32
[11-Jun-2024 06:48:58 UTC] PHP Warning:  include(/Users/adithyaricky/Projects/mypublikasimedia/vendor/composer/../laravel/framework/src/Illuminate/Contracts/Foundation/CachesConfiguration.php): Failed to open stream: No such file or directory in /Users/adithyaricky/Projects/mypublikasimedia/vendor/composer/ClassLoader.php on line 571
[11-Jun-2024 06:48:58 UTC] PHP Warning:  include(): Failed opening '/Users/adithyaricky/Projects/mypublikasimedia/vendor/composer/../laravel/framework/src/Illuminate/Contracts/Foundation/CachesConfiguration.php' for inclusion (include_path='.:/opt/homebrew/Cellar/php/8.3.8/share/php/pear') in /Users/adithyaricky/Projects/mypublikasimedia/vendor/composer/ClassLoader.php on line 571
[11-Jun-2024 06:48:58 UTC] PHP Fatal error:  Uncaught Error: Interface "Illuminate\Contracts\Foundation\CachesConfiguration" not found in /Users/adithyaricky/Projects/mypublikasimedia/vendor/laravel/framework/src/Illuminate/Foundation/Application.php:32
Stack trace:
#0 /Users/adithyaricky/Projects/mypublikasimedia/vendor/composer/ClassLoader.php(571): include()
#1 /Users/adithyaricky/Projects/mypublikasimedia/vendor/composer/ClassLoader.php(428): Composer\Autoload\includeFile('/Users/adithyar...')
#2 /Users/adithyaricky/Projects/mypublikasimedia/bootstrap/app.php(14): Composer\Autoload\ClassLoader->loadClass('Illuminate\\Foun...')
#3 /Users/adithyaricky/Projects/mypublikasimedia/public/index.php(47): require_once('/Users/adithyar...')
#4 /Users/adithyaricky/.composer/vendor/laravel/valet/server.php(110): require('/Users/adithyar...')
#5 {main}
  thrown in /Users/adithyaricky/Projects/mypublikasimedia/vendor/laravel/framework/src/Illuminate/Foundation/Application.php on line 32
[11-Jun-2024 06:50:41 UTC] PHP Warning:  require(/Users/adithyaricky/Projects/mypublikasimedia/vendor/autoload.php): Failed to open stream: No such file or directory in /Users/adithyaricky/Projects/mypublikasimedia/artisan on line 18
[11-Jun-2024 06:50:41 UTC] PHP Fatal error:  Uncaught Error: Failed opening required '/Users/adithyaricky/Projects/mypublikasimedia/vendor/autoload.php' (include_path='.:/opt/homebrew/Cellar/php/8.3.8/share/php/pear') in /Users/adithyaricky/Projects/mypublikasimedia/artisan:18
Stack trace:
#0 {main}
  thrown in /Users/adithyaricky/Projects/mypublikasimedia/artisan on line 18
